<?xml version="1.0" encoding="UTF-8"?>
<!-- Generated by org.testng.reporters.JUnitXMLReporter -->
<testsuite ignored="0" hostname="DESKTOP-1H5GCMD" failures="0" tests="4" name="Default test" time="14.811" errors="0" timestamp="2024-07-08T17:35:05 IST">
  <testcase classname="api.testcases.UserTest" name="testCreateUser" time="6.572"/>
  <testcase classname="api.testcases.UserTest" name="testGetUserData" time="2.624"/>
  <testcase classname="api.testcases.UserTest" name="testUpdateUser" time="2.38"/>
  <testcase classname="api.testcases.UserTest" name="testDeleteUser" time="1.605"/>
</testsuite> <!-- Default test -->
