<?xml version="1.0" encoding="UTF-8"?>
<!-- Generated by org.testng.reporters.JUnitXMLReporter -->
<testsuite ignored="0" hostname="DESKTOP-1H5GCMD" failures="2" tests="4" name="Test" time="31.98" errors="0" timestamp="2024-07-12T17:01:34 IST">
  <testcase classname="api.testcases.UserTest" name="testCreateUser" time="10.365">
    <failure type="java.lang.NullPointerException" message="Cannot invoke &amp;quot;java.lang.Integer.intValue()&amp;quot; because the return value of &amp;quot;io.restassured.internal.common.path.ObjectConverter.convertObjectTo(Object, java.lang.Class)&amp;quot; is null">
      <![CDATA[java.lang.NullPointerException: Cannot invoke "java.lang.Integer.intValue()" because the return value of "io.restassured.internal.common.path.ObjectConverter.convertObjectTo(Object, java.lang.Class)" is null
at io.restassured.path.json.JsonPath.getInt(JsonPath.java:245)
at api.testcases.UserTest.testCreateUser(UserTest.java:58)
at java.base/java.util.ArrayList.forEach(ArrayList.java:1511)
... Removed 27 stack frames]]>
    </failure>
  </testcase> <!-- testCreateUser -->
  <testcase classname="api.testcases.UserTest" name="testGetUserData" time="15.342"/>
  <testcase classname="api.testcases.UserTest" name="testUpdateUser" time="1.359">
    <failure type="java.lang.AssertionError" message="expected [karan] but found [null]">
      <![CDATA[java.lang.AssertionError: expected [karan] but found [null]
at api.testcases.UserTest.testUpdateUser(UserTest.java:133)
at java.base/java.util.ArrayList.forEach(ArrayList.java:1511)
... Removed 33 stack frames]]>
    </failure>
  </testcase> <!-- testUpdateUser -->
  <testcase classname="api.testcases.UserTest" name="testDeleteUser" time="1.174"/>
</testsuite> <!-- Test -->
